<?xml version="1.0" encoding="UTF-8"?>
<!-- Generated by org.testng.reporters.JUnitReportReporter -->
<testsuite hostname="DESKTOP-D4ST8IS" failures="0" tests="2" name="com.Flipkart.TestCases.TestCases_001" time="8.486" errors="0" timestamp="2023-08-24T20:34:10 IST" skipped="0">
  <testcase classname="com.Flipkart.TestCases.TestCases_001" name="browserOpen" time="5.856"/>
  <system-out/>
  <testcase classname="com.Flipkart.TestCases.TestCases_001" name="faceBookLogin" time="2.630"/>
  <system-out/>
</testsuite> <!-- com.Flipkart.TestCases.TestCases_001 -->
