<?xml version="1.0" encoding="UTF-8"?>
<!-- Generated by org.testng.reporters.JUnitReportReporter -->
<testsuite hostname="DESKTOP-D4ST8IS" failures="0" tests="2" name="com.Flipkart.TestCases.ParallelTCLogin_001" time="29.838" errors="0" timestamp="2023-09-11T23:52:09 IST" skipped="0">
  <testcase classname="com.Flipkart.TestCases.ParallelTCLogin_001" name="fireFoxDriver" time="18.288"/>
  <system-out/>
  <testcase classname="com.Flipkart.TestCases.ParallelTCLogin_001" name="chromeBrowser" time="11.550"/>
  <system-out/>
</testsuite> <!-- com.Flipkart.TestCases.ParallelTCLogin_001 -->
