<?xml version="1.0" encoding="UTF-8"?>
<!-- Generated by org.testng.reporters.JUnitReportReporter -->
<testsuite hostname="DESKTOP-D4ST8IS" failures="0" tests="1" name="com.Flipkart.TestCases.VerifyImageAndLinks" time="12.758" errors="0" timestamp="2023-08-11T15:34:43 IST" skipped="0">
  <testcase classname="com.Flipkart.TestCases.VerifyImageAndLinks" name="verifyImagesAndLinks" time="12.758"/>
  <system-out/>
</testsuite> <!-- com.Flipkart.TestCases.VerifyImageAndLinks -->
