<?xml version="1.0" encoding="UTF-8"?>
<!-- Generated by org.testng.reporters.JUnitReportReporter -->
<testsuite hostname="DESKTOP-D4ST8IS" failures="0" tests="1" name="com.FBLogin.TestCases.FacebookLogin_001" time="30.044" errors="0" timestamp="2023-09-15T23:14:21 IST" skipped="0">
  <testcase classname="com.FBLogin.TestCases.FacebookLogin_001" name="browserOpen" time="30.044"/>
  <system-out/>
</testsuite> <!-- com.FBLogin.TestCases.FacebookLogin_001 -->
