<?xml version="1.0" encoding="UTF-8"?>
<!-- Generated by org.testng.reporters.JUnitReportReporter -->
<testsuite hostname="DESKTOP-D4ST8IS" failures="0" tests="2" name="com.Flipkart.TestCases.Class2" time="0.026" errors="0" timestamp="2023-08-17T21:26:42 IST" skipped="0">
  <testcase classname="com.Flipkart.TestCases.Class2" name="beforeTestMethod1" time="0.020"/>
  <system-out/>
  <testcase classname="com.Flipkart.TestCases.Class2" name="beforeTestMethod2" time="0.006"/>
  <system-out/>
</testsuite> <!-- com.Flipkart.TestCases.Class2 -->
