<?xml version="1.0" encoding="UTF-8"?>
<!-- Generated by org.testng.reporters.JUnitReportReporter -->
<testsuite hostname="DESKTOP-D4ST8IS" failures="0" tests="2" name="com.Flipkart.TestCases.Class1" time="0.025" errors="0" timestamp="2023-08-16T12:09:11 IST" skipped="0">
  <testcase classname="com.Flipkart.TestCases.Class1" name="beforeClassMethod1" time="0.013"/>
  <system-out/>
  <testcase classname="com.Flipkart.TestCases.Class1" name="beeforeClassMethod2" time="0.012"/>
  <system-out/>
</testsuite> <!-- com.Flipkart.TestCases.Class1 -->
