<?xml version="1.0" encoding="UTF-8"?>
<!-- Generated by org.testng.reporters.JUnitReportReporter -->
<testsuite hostname="DESKTOP-D4ST8IS" failures="0" tests="2" name="com.FBLogin.TestCases.CrossBrowserFBTCLogin_001" time="53.945" errors="0" timestamp="2023-09-14T22:23:37 IST" skipped="0">
  <testcase classname="com.FBLogin.TestCases.CrossBrowserFBTCLogin_001" name="chromeBrowser" time="20.103"/>
  <system-out/>
  <testcase classname="com.FBLogin.TestCases.CrossBrowserFBTCLogin_001" name="fireFox" time="33.842"/>
  <system-out/>
</testsuite> <!-- com.FBLogin.TestCases.CrossBrowserFBTCLogin_001 -->
