<?xml version="1.0" encoding="UTF-8"?>
<!-- Generated by org.testng.reporters.JUnitReportReporter -->
<testsuite hostname="DESKTOP-D4ST8IS" failures="0" tests="2" name="com.Flipkart.TestCases.crossBrowsingTestCasesLogin_001" time="29.867" errors="0" timestamp="2023-09-11T23:42:04 IST" skipped="0">
  <testcase classname="com.Flipkart.TestCases.crossBrowsingTestCasesLogin_001" name="chromeBrowser" time="12.335"/>
  <system-out/>
  <testcase classname="com.Flipkart.TestCases.crossBrowsingTestCasesLogin_001" name="fireFoxDriver" time="17.532"/>
  <system-out/>
</testsuite> <!-- com.Flipkart.TestCases.crossBrowsingTestCasesLogin_001 -->
