<?xml version="1.0" encoding="UTF-8"?>
<!-- Generated by org.testng.reporters.JUnitReportReporter -->
<testsuite hostname="DESKTOP-D4ST8IS" failures="0" tests="2" name="com.Flipkart.TestCases.FacebookLogin_001" time="55.073" errors="0" timestamp="2023-09-11T23:52:09 IST" skipped="0">
  <testcase classname="com.Flipkart.TestCases.FacebookLogin_001" name="browserOpen" time="26.052"/>
  <system-out/>
  <testcase classname="com.Flipkart.TestCases.FacebookLogin_001" name="browserOpen" time="29.021"/>
  <system-out/>
</testsuite> <!-- com.Flipkart.TestCases.FacebookLogin_001 -->
