<?xml version="1.0" encoding="UTF-8"?>
<!-- Generated by org.testng.reporters.JUnitReportReporter -->
<testsuite hostname="DESKTOP-D4ST8IS" failures="0" tests="2" name="com.Flipkart.TestCases.FacebookLogin_001" time="76.320" errors="0" timestamp="2023-09-14T20:14:15 IST" skipped="0">
  <testcase classname="com.Flipkart.TestCases.FacebookLogin_001" name="browserOpen" time="41.561"/>
  <system-out/>
  <testcase classname="com.Flipkart.TestCases.FacebookLogin_001" name="browserOpen" time="34.759"/>
  <system-out/>
</testsuite> <!-- com.Flipkart.TestCases.FacebookLogin_001 -->
